<?xml version="1.0" encoding="UTF-8"?>
<!-- Generated by org.testng.reporters.JUnitReportReporter -->
<testsuite hostname="jhonesLG" failures="0" tests="1" name="com.tutorialsninja.testsuite.HomePageTest" time="7.804" errors="0" timestamp="2022-12-13T20:52:37 GMT" skipped="0">
  <testcase classname="com.tutorialsninja.testsuite.HomePageTest" name="verifyUserShouldNavigateToDesktopsPageSuccessfully" time="7.804"/>
  <system-out>
    <![CDATA[Mouse Hovering to Desktop and Clicking on it: [[ChromeDriver: chrome on WINDOWS (4703c0a838d9c63a7204727b460dad6f)] -> link text: Desktops]
Navigate to desktop error message]]>
  </system-out>
</testsuite> <!-- com.tutorialsninja.testsuite.HomePageTest -->
