<?xml version="1.0" encoding="UTF-8"?>
<!-- Generated by org.testng.reporters.JUnitReportReporter -->
<testsuite hostname="jhonesLG" failures="0" tests="2" name="com.tutorialsninja.testsuite.LaptopsAndNotebooksTest" time="16.617" errors="0" timestamp="2022-12-13T17:13:35 GMT" skipped="0">
  <testcase classname="com.tutorialsninja.testsuite.LaptopsAndNotebooksTest" name="verifyThatUserPlaceOrderSuccessfully" time="11.600"/>
  <system-out>
    <![CDATA[Mouse Hovering to LaptopsNotebooks and Clicking on it: [[ChromeDriver: chrome on WINDOWS (94cb0790bac6658766426405a955c24f)] -> link text: Laptops & Notebooks]
Select price from drop down
Clicking pn MacBook Menu
Verify Macbook error Message [[ChromeDriver: chrome on WINDOWS (94cb0790bac6658766426405a955c24f)] -> xpath: //h1[contains(text(),'MacBook')]]
mac book add to cart[[ChromeDriver: chrome on WINDOWS (94cb0790bac6658766426405a955c24f)] -> xpath: //button[@id='button-cart']]
Click on shopping cart button[[ChromeDriver: chrome on WINDOWS (94cb0790bac6658766426405a955c24f)] -> xpath: //a[contains(text(),'shopping cart')]]
Enter shopping cart text error message [[ChromeDriver: chrome on WINDOWS (94cb0790bac6658766426405a955c24f)] -> xpath: //div[@id='content']/h1[contains(text(), 'Shopping Cart')]]
Verify Macbook name error message[[ChromeDriver: chrome on WINDOWS (94cb0790bac6658766426405a955c24f)] -> xpath: //div[@class = 'table-responsive']/table/tbody/tr/td[2]/a]
Verify macbook total error message[[ChromeDriver: chrome on WINDOWS (94cb0790bac6658766426405a955c24f)] -> xpath: //div[@class = 'table-responsive']/table/tbody/tr/td[6]]
Click on check button[[ChromeDriver: chrome on WINDOWS (94cb0790bac6658766426405a955c24f)] -> xpath: //a[contains(text(),'Checkout')]]
Checkout Text is: [[ChromeDriver: chrome on WINDOWS (94cb0790bac6658766426405a955c24f)] -> xpath: //h1[contains(text(),'Checkout')]]
Customer Text is: [[ChromeDriver: chrome on WINDOWS (94cb0790bac6658766426405a955c24f)] -> xpath: //h2[contains(text(),'New Customer')]]
Guest CheckOut Button: [[ChromeDriver: chrome on WINDOWS (94cb0790bac6658766426405a955c24f)] -> id: button-account]
Enter firstname Shane to email field [[ChromeDriver: chrome on WINDOWS (94cb0790bac6658766426405a955c24f)] -> id: input-payment-firstname]
Enter lastname Jhones to lastname field [[ChromeDriver: chrome on WINDOWS (94cb0790bac6658766426405a955c24f)] -> id: input-payment-lastname]
Enter email shanejhones@example.com to email field [[ChromeDriver: chrome on WINDOWS (94cb0790bac6658766426405a955c24f)] -> id: input-payment-email]
Enter phone 98987654323 to telephone field [[ChromeDriver: chrome on WINDOWS (94cb0790bac6658766426405a955c24f)] -> id: input-payment-telephone]
Enter address 3 Procter Close to address field [[ChromeDriver: chrome on WINDOWS (94cb0790bac6658766426405a955c24f)] -> id: input-payment-address-1]
Enter city name Rugby to cityname field [[ChromeDriver: chrome on WINDOWS (94cb0790bac6658766426405a955c24f)] -> id: input-payment-email]
Enter postcode C2 4RT to postcode field [[ChromeDriver: chrome on WINDOWS (94cb0790bac6658766426405a955c24f)] -> id: input-payment-postcode]
Select country from dropdown
Select state from dropdown
Clicking on continue button
Adding comments in text
Clicking on add to terms checkbox
Clicking on continue link]]>
  </system-out>
  <testcase classname="com.tutorialsninja.testsuite.LaptopsAndNotebooksTest" name="verifyProductsPriceDisplayHighToLowSuccessfully" time="5.017"/>
  <system-out>
    <![CDATA[Mouse Hovering to LaptopsNotebooks and Clicking on it: [[ChromeDriver: chrome on WINDOWS (d6241efbd076129faca6087f137815e7)] -> link text: Laptops & Notebooks]
Arranging product in high to low order: ]]>
  </system-out>
</testsuite> <!-- com.tutorialsninja.testsuite.LaptopsAndNotebooksTest -->
